nohup: no se tendrá en cuenta la entrada
=========================================
Step 1: Running clean package (skipping tests)
=========================================
[INFO] Scanning for projects...
[INFO] 
[INFO] -------------------------< com.smartDine:demo >-------------------------
[INFO] Building demo 0.0.1-SNAPSHOT
[INFO]   from pom.xml
[INFO] --------------------------------[ jar ]---------------------------------
[INFO] 
[INFO] --- clean:3.4.1:clean (default-clean) @ demo ---
[INFO] Deleting /home/i2cat/Escritorio/smartDineBackend/target
[INFO] 
[INFO] --- resources:3.3.1:resources (default-resources) @ demo ---
[INFO] Copying 2 resources from src/main/resources to target/classes
[INFO] Copying 3 resources from src/main/resources to target/classes
[INFO] 
[INFO] --- compiler:3.14.0:compile (default-compile) @ demo ---
[INFO] Recompiling the module because of changed source code.
[INFO] Compiling 135 source files with javac [debug parameters release 17] to target/classes
[WARNING] /home/i2cat/Escritorio/smartDineBackend/src/main/java/com/smartDine/configs/SecurityConfig.java:[49,44] frameOptions() in org.springframework.security.config.annotation.web.configurers.HeadersConfigurer has been deprecated and marked for removal
[INFO] /home/i2cat/Escritorio/smartDineBackend/src/main/java/com/smartDine/configs/ApplicationConfiguration.java: /home/i2cat/Escritorio/smartDineBackend/src/main/java/com/smartDine/configs/ApplicationConfiguration.java uses or overrides a deprecated API.
[INFO] /home/i2cat/Escritorio/smartDineBackend/src/main/java/com/smartDine/configs/ApplicationConfiguration.java: Recompile with -Xlint:deprecation for details.
[INFO] 
[INFO] --- resources:3.3.1:testResources (default-testResources) @ demo ---
[INFO] Copying 1 resource from src/test/resources to target/test-classes
[INFO] 
[INFO] --- compiler:3.14.0:testCompile (default-testCompile) @ demo ---
[INFO] Recompiling the module because of changed dependency.
[INFO] Compiling 25 source files with javac [debug parameters release 17] to target/test-classes
[WARNING] /home/i2cat/Escritorio/smartDineBackend/src/test/java/com/smartDine/services/CommunityServiceTest.java:[57,6] org.springframework.boot.test.mock.mockito.MockBean in org.springframework.boot.test.mock.mockito has been deprecated and marked for removal
[WARNING] /home/i2cat/Escritorio/smartDineBackend/src/test/java/com/smartDine/services/CommunityServiceTest.java:[57,6] org.springframework.boot.test.mock.mockito.MockBean in org.springframework.boot.test.mock.mockito has been deprecated and marked for removal
[WARNING] /home/i2cat/Escritorio/smartDineBackend/src/test/java/com/smartDine/services/CommunityServiceTest.java:[57,6] org.springframework.boot.test.mock.mockito.MockBean in org.springframework.boot.test.mock.mockito has been deprecated and marked for removal
[WARNING] /home/i2cat/Escritorio/smartDineBackend/src/test/java/com/smartDine/services/CommunityServiceTest.java:[57,6] org.springframework.boot.test.mock.mockito.MockBean in org.springframework.boot.test.mock.mockito has been deprecated and marked for removal
[WARNING] /home/i2cat/Escritorio/smartDineBackend/src/test/java/com/smartDine/services/CommunityServiceTest.java:[57,6] org.springframework.boot.test.mock.mockito.MockBean in org.springframework.boot.test.mock.mockito has been deprecated and marked for removal
[WARNING] /home/i2cat/Escritorio/smartDineBackend/src/test/java/com/smartDine/services/RestaurantServiceTest.java:[51,6] org.springframework.boot.test.mock.mockito.MockBean in org.springframework.boot.test.mock.mockito has been deprecated and marked for removal
[WARNING] /home/i2cat/Escritorio/smartDineBackend/src/test/java/com/smartDine/services/RestaurantServiceTest.java:[51,6] org.springframework.boot.test.mock.mockito.MockBean in org.springframework.boot.test.mock.mockito has been deprecated and marked for removal
[WARNING] /home/i2cat/Escritorio/smartDineBackend/src/test/java/com/smartDine/services/RestaurantServiceTest.java:[51,6] org.springframework.boot.test.mock.mockito.MockBean in org.springframework.boot.test.mock.mockito has been deprecated and marked for removal
[WARNING] /home/i2cat/Escritorio/smartDineBackend/src/test/java/com/smartDine/services/RestaurantServiceTest.java:[51,6] org.springframework.boot.test.mock.mockito.MockBean in org.springframework.boot.test.mock.mockito has been deprecated and marked for removal
[WARNING] /home/i2cat/Escritorio/smartDineBackend/src/test/java/com/smartDine/services/RestaurantServiceTest.java:[51,6] org.springframework.boot.test.mock.mockito.MockBean in org.springframework.boot.test.mock.mockito has been deprecated and marked for removal
[INFO] 
[INFO] --- surefire:3.5.3:test (default-test) @ demo ---
[INFO] Tests are skipped.
[INFO] 
[INFO] --- jar:3.4.2:jar (default-jar) @ demo ---
[INFO] Building jar: /home/i2cat/Escritorio/smartDineBackend/target/demo-0.0.1-SNAPSHOT.jar
[INFO] 
[INFO] --- spring-boot:3.5.4:repackage (repackage) @ demo ---
[INFO] Replacing main artifact /home/i2cat/Escritorio/smartDineBackend/target/demo-0.0.1-SNAPSHOT.jar with repackaged archive, adding nested dependencies in BOOT-INF/.
[INFO] The original artifact has been renamed to /home/i2cat/Escritorio/smartDineBackend/target/demo-0.0.1-SNAPSHOT.jar.original
[INFO] ------------------------------------------------------------------------
[INFO] BUILD SUCCESS
[INFO] ------------------------------------------------------------------------
[INFO] Total time:  4.342 s
[INFO] Finished at: 2026-01-08T22:58:48+01:00
[INFO] ------------------------------------------------------------------------

=========================================
Build successful! Loading environment...
=========================================

Loading environment variables from .env...
Loaded: POSTGRES_IMAGE
Loaded: POSTGRES_CONTAINER_NAME
Loaded: POSTGRES_DB
Loaded: POSTGRES_USER
Loaded: POSTGRES_PASSWORD
Loaded: POSTGRES_PORT
Loaded: PGDATA
Loaded: APP_PORT
Loaded: APP_HTTPS_PORT
Loaded: SPRING_APPLICATION_NAME
Loaded: SPRING_DATASOURCE_URL
Loaded: SPRING_DATASOURCE_USERNAME
Loaded: SPRING_DATASOURCE_PASSWORD
Loaded: SPRING_JPA_HIBERNATE_DDL_AUTO
Loaded: SPRING_JPA_SHOW_SQL
Loaded: SPRING_JPA_PROPERTIES_HIBERNATE_DIALECT
Loaded: SPRING_JPA_PROPERTIES_HIBERNATE_FORMAT_SQL
Loaded: SECURITY_JWT_SECRET_KEY
Loaded: SECURITY_JWT_EXPIRATION_TIME
Loaded: AWS_ACCESS_KEY_ID
Loaded: AWS_SECRET_ACCESS_KEY
Loaded: AWS_REGION

=========================================
Starting application with JAR...
=========================================
Database URL: jdbc:postgresql://localhost:5432/smartDine
Database User: postgres

Running: target/demo-0.0.1-SNAPSHOT.jar
Standard Commons Logging discovery in action with spring-jcl: please remove commons-logging.jar from classpath in order to avoid potential conflicts

  .   ____          _            __ _ _
 /\\ / ___'_ __ _ _(_)_ __  __ _ \ \ \ \
( ( )\___ | '_ | '_| | '_ \/ _` | \ \ \ \
 \\/  ___)| |_)| | | | | || (_| |  ) ) ) )
  '  |____| .__|_| |_|_| |_\__, | / / / /
 =========|_|==============|___/=/_/_/_/

 :: Spring Boot ::                (v3.5.4)

2026-01-08T22:58:49.520+01:00  INFO 457385 --- [smartDine] [           main] com.smartDine.SmartDineApplication       : Starting SmartDineApplication v0.0.1-SNAPSHOT using Java 21.0.9 with PID 457385 (/home/i2cat/Escritorio/smartDineBackend/target/demo-0.0.1-SNAPSHOT.jar started by i2cat in /home/i2cat/Escritorio/smartDineBackend)
2026-01-08T22:58:49.522+01:00  INFO 457385 --- [smartDine] [           main] com.smartDine.SmartDineApplication       : The following 1 profile is active: "dev"
2026-01-08T22:58:50.362+01:00  INFO 457385 --- [smartDine] [           main] .s.d.r.c.RepositoryConfigurationDelegate : Bootstrapping Spring Data JPA repositories in DEFAULT mode.
2026-01-08T22:58:50.444+01:00  INFO 457385 --- [smartDine] [           main] .s.d.r.c.RepositoryConfigurationDelegate : Finished Spring Data repository scanning in 73 ms. Found 19 JPA repository interfaces.
2026-01-08T22:58:50.948+01:00  INFO 457385 --- [smartDine] [           main] o.s.b.w.embedded.tomcat.TomcatWebServer  : Tomcat initialized with port 8080 (http)
2026-01-08T22:58:50.961+01:00  INFO 457385 --- [smartDine] [           main] o.apache.catalina.core.StandardService   : Starting service [Tomcat]
2026-01-08T22:58:50.961+01:00  INFO 457385 --- [smartDine] [           main] o.apache.catalina.core.StandardEngine    : Starting Servlet engine: [Apache Tomcat/10.1.43]
2026-01-08T22:58:50.986+01:00  INFO 457385 --- [smartDine] [           main] o.a.c.c.C.[Tomcat].[localhost].[/]       : Initializing Spring embedded WebApplicationContext
2026-01-08T22:58:50.987+01:00  INFO 457385 --- [smartDine] [           main] w.s.c.ServletWebServerApplicationContext : Root WebApplicationContext: initialization completed in 1440 ms
Standard Commons Logging discovery in action with spring-jcl: please remove commons-logging.jar from classpath in order to avoid potential conflicts
2026-01-08T22:58:51.242+01:00  INFO 457385 --- [smartDine] [           main] o.hibernate.jpa.internal.util.LogHelper  : HHH000204: Processing PersistenceUnitInfo [name: default]
2026-01-08T22:58:51.302+01:00  INFO 457385 --- [smartDine] [           main] org.hibernate.Version                    : HHH000412: Hibernate ORM core version 6.6.22.Final
2026-01-08T22:58:51.340+01:00  INFO 457385 --- [smartDine] [           main] o.h.c.internal.RegionFactoryInitiator    : HHH000026: Second-level cache disabled
2026-01-08T22:58:51.535+01:00  INFO 457385 --- [smartDine] [           main] o.s.o.j.p.SpringPersistenceUnitInfo      : No LoadTimeWeaver setup: ignoring JPA class transformer
2026-01-08T22:58:51.549+01:00  INFO 457385 --- [smartDine] [           main] com.zaxxer.hikari.HikariDataSource       : HikariPool-1 - Starting...
2026-01-08T22:58:51.768+01:00  INFO 457385 --- [smartDine] [           main] com.zaxxer.hikari.pool.HikariPool        : HikariPool-1 - Added connection org.postgresql.jdbc.PgConnection@13f2d42c
2026-01-08T22:58:51.769+01:00  INFO 457385 --- [smartDine] [           main] com.zaxxer.hikari.HikariDataSource       : HikariPool-1 - Start completed.
2026-01-08T22:58:51.792+01:00  WARN 457385 --- [smartDine] [           main] org.hibernate.orm.deprecation            : HHH90000025: PostgreSQLDialect does not need to be specified explicitly using 'hibernate.dialect' (remove the property setting and it will be selected by default)
2026-01-08T22:58:51.807+01:00  INFO 457385 --- [smartDine] [           main] org.hibernate.orm.connections.pooling    : HHH10001005: Database info:
	Database JDBC URL [Connecting through datasource 'HikariDataSource (HikariPool-1)']
	Database driver: undefined/unknown
	Database version: 16.11
	Autocommit mode: undefined/unknown
	Isolation level: undefined/unknown
	Minimum pool size: undefined/unknown
	Maximum pool size: undefined/unknown
2026-01-08T22:58:52.585+01:00  INFO 457385 --- [smartDine] [           main] o.h.e.t.j.p.i.JtaPlatformInitiator       : HHH000489: No JTA platform available (set 'hibernate.transaction.jta.platform' to enable JTA platform integration)
2026-01-08T22:58:53.427+01:00  INFO 457385 --- [smartDine] [           main] j.LocalContainerEntityManagerFactoryBean : Initialized JPA EntityManagerFactory for persistence unit 'default'
2026-01-08T22:58:53.632+01:00  WARN 457385 --- [smartDine] [           main] JpaBaseConfiguration$JpaWebConfiguration : spring.jpa.open-in-view is enabled by default. Therefore, database queries may be performed during view rendering. Explicitly configure spring.jpa.open-in-view to disable this warning
2026-01-08T22:58:54.192+01:00  INFO 457385 --- [smartDine] [           main] eAuthenticationProviderManagerConfigurer : Global AuthenticationManager configured with AuthenticationProvider bean with name authenticationProvider
2026-01-08T22:58:54.192+01:00  WARN 457385 --- [smartDine] [           main] r$InitializeUserDetailsManagerConfigurer : Global AuthenticationManager configured with an AuthenticationProvider bean. UserDetailsService beans will not be used by Spring Security for automatically configuring username/password login. Consider removing the AuthenticationProvider bean. Alternatively, consider using the UserDetailsService in a manually instantiated DaoAuthenticationProvider. If the current configuration is intentional, to turn off this warning, increase the logging level of 'org.springframework.security.config.annotation.authentication.configuration.InitializeUserDetailsBeanManagerConfigurer' to ERROR
2026-01-08T22:58:54.243+01:00  INFO 457385 --- [smartDine] [           main] o.s.d.j.r.query.QueryEnhancerFactory     : Hibernate is in classpath; If applicable, HQL parser will be used.
2026-01-08T22:58:55.459+01:00  INFO 457385 --- [smartDine] [           main] o.s.b.a.e.web.EndpointLinksResolver      : Exposing 1 endpoint beneath base path '/actuator'
2026-01-08T22:58:55.508+01:00  WARN 457385 --- [smartDine] [           main] thorizationManagerRequestMatcherRegistry : One of the patterns in [smartdine/api/restaurants/**] is missing a leading slash. This is discouraged; please include the leading slash in all your request matcher patterns. In future versions of Spring Security, leaving out the leading slash will result in an exception.
2026-01-08T22:58:55.509+01:00  WARN 457385 --- [smartDine] [           main] thorizationManagerRequestMatcherRegistry : One of the patterns in [smartdine/api/restaurants/{id}/tables/avaliable] is missing a leading slash. This is discouraged; please include the leading slash in all your request matcher patterns. In future versions of Spring Security, leaving out the leading slash will result in an exception.
2026-01-08T22:58:55.751+01:00  INFO 457385 --- [smartDine] [           main] o.s.b.w.embedded.tomcat.TomcatWebServer  : Tomcat started on port 8080 (http) with context path '/'
2026-01-08T22:58:55.765+01:00  INFO 457385 --- [smartDine] [           main] com.smartDine.SmartDineApplication       : Started SmartDineApplication in 6.519 seconds (process running for 6.81)
2026-01-08T23:00:20.078+01:00  INFO 457385 --- [smartDine] [0.1-8080-exec-1] o.a.c.c.C.[Tomcat].[localhost].[/]       : Initializing Spring DispatcherServlet 'dispatcherServlet'
2026-01-08T23:00:20.078+01:00  INFO 457385 --- [smartDine] [0.1-8080-exec-1] o.s.web.servlet.DispatcherServlet        : Initializing Servlet 'dispatcherServlet'
2026-01-08T23:00:20.079+01:00  INFO 457385 --- [smartDine] [0.1-8080-exec-1] o.s.web.servlet.DispatcherServlet        : Completed initialization in 1 ms
Hibernate: 
    select
        u1_0.id,
        case 
            when u1_1.user_id is not null 
                then 1 
            when u1_2.user_id is not null 
                then 2 
        end,
        u1_0.email,
        u1_0.name,
        u1_0.password,
        u1_0.phone_number,
        u1_0.role 
    from
        users u1_0 
    left join
        businesses u1_1 
            on u1_0.id=u1_1.user_id 
    left join
        customers u1_2 
            on u1_0.id=u1_2.user_id 
    where
        u1_0.email=?
